  main.cpp
C:\Users\alish\Desktop\New folder\Game\Game\main.cpp(192,15): warning C4244: 'argument': conversion from 'time_t' to 'unsigned int', possible loss of data
C:\Users\alish\Desktop\New folder\Game\Game\main.cpp(262,62): warning C4244: 'argument': conversion from 'int' to 'float', possible loss of data
C:\Users\alish\Desktop\New folder\Game\Game\main.cpp(262,48): warning C4244: 'argument': conversion from 'int' to 'float', possible loss of data
C:\Users\alish\Desktop\New folder\Game\Game\main.cpp(267,58): warning C4244: 'argument': conversion from 'int' to 'float', possible loss of data
C:\Users\alish\Desktop\New folder\Game\Game\main.cpp(267,44): warning C4244: 'argument': conversion from 'int' to 'float', possible loss of data
C:\Users\alish\Desktop\New folder\Game\Game\main.cpp(272,58): warning C4244: 'argument': conversion from 'int' to 'float', possible loss of data
C:\Users\alish\Desktop\New folder\Game\Game\main.cpp(272,44): warning C4244: 'argument': conversion from 'int' to 'float', possible loss of data
C:\Users\alish\Desktop\New folder\Game\Game\main.cpp(277,58): warning C4244: 'argument': conversion from 'int' to 'float', possible loss of data
C:\Users\alish\Desktop\New folder\Game\Game\main.cpp(277,44): warning C4244: 'argument': conversion from 'int' to 'float', possible loss of data
C:\Users\alish\Desktop\New folder\Game\Game\main.cpp(282,59): warning C4244: 'argument': conversion from 'int' to 'float', possible loss of data
C:\Users\alish\Desktop\New folder\Game\Game\main.cpp(282,45): warning C4244: 'argument': conversion from 'int' to 'float', possible loss of data
C:\Users\alish\Desktop\New folder\Game\Game\main.cpp(287,59): warning C4244: 'argument': conversion from 'int' to 'float', possible loss of data
C:\Users\alish\Desktop\New folder\Game\Game\main.cpp(287,45): warning C4244: 'argument': conversion from 'int' to 'float', possible loss of data
C:\Users\alish\Desktop\New folder\Game\Game\main.cpp(292,59): warning C4244: 'argument': conversion from 'int' to 'float', possible loss of data
C:\Users\alish\Desktop\New folder\Game\Game\main.cpp(292,45): warning C4244: 'argument': conversion from 'int' to 'float', possible loss of data
C:\Users\alish\Desktop\New folder\Game\Game\main.cpp(297,60): warning C4244: 'argument': conversion from 'int' to 'float', possible loss of data
C:\Users\alish\Desktop\New folder\Game\Game\main.cpp(297,46): warning C4244: 'argument': conversion from 'int' to 'float', possible loss of data
C:\Users\alish\Desktop\New folder\Game\Game\main.cpp(302,60): warning C4244: 'argument': conversion from 'int' to 'float', possible loss of data
C:\Users\alish\Desktop\New folder\Game\Game\main.cpp(302,46): warning C4244: 'argument': conversion from 'int' to 'float', possible loss of data
C:\Users\alish\Desktop\New folder\Game\Game\main.cpp(307,60): warning C4244: 'argument': conversion from 'int' to 'float', possible loss of data
C:\Users\alish\Desktop\New folder\Game\Game\main.cpp(307,46): warning C4244: 'argument': conversion from 'int' to 'float', possible loss of data
C:\Users\alish\Desktop\New folder\Game\Game\main.cpp(312,61): warning C4244: 'argument': conversion from 'int' to 'float', possible loss of data
C:\Users\alish\Desktop\New folder\Game\Game\main.cpp(312,47): warning C4244: 'argument': conversion from 'int' to 'float', possible loss of data
C:\Users\alish\Desktop\New folder\Game\Game\main.cpp(317,61): warning C4244: 'argument': conversion from 'int' to 'float', possible loss of data
C:\Users\alish\Desktop\New folder\Game\Game\main.cpp(317,47): warning C4244: 'argument': conversion from 'int' to 'float', possible loss of data
main.obj : error LNK2019: unresolved external symbol "__declspec(dllimport) public: __cdecl sf::String::String(char const *,class std::locale const &)" (__imp_??0String@sf@@QEAA@PEBDAEBVlocale@std@@@Z) referenced in function main
main.obj : error LNK2019: unresolved external symbol "__declspec(dllimport) public: __cdecl sf::String::~String(void)" (__imp_??1String@sf@@QEAA@XZ) referenced in function main
main.obj : error LNK2019: unresolved external symbol "__declspec(dllimport) public: __cdecl sf::VideoMode::VideoMode(unsigned int,unsigned int,unsigned int)" (__imp_??0VideoMode@sf@@QEAA@III@Z) referenced in function main
main.obj : error LNK2019: unresolved external symbol "__declspec(dllimport) public: bool __cdecl sf::WindowBase::isOpen(void)const " (__imp_?isOpen@WindowBase@sf@@QEBA_NXZ) referenced in function main
main.obj : error LNK2019: unresolved external symbol "__declspec(dllimport) public: bool __cdecl sf::WindowBase::pollEvent(class sf::Event &)" (__imp_?pollEvent@WindowBase@sf@@QEAA_NAEAVEvent@2@@Z) referenced in function main
main.obj : error LNK2019: unresolved external symbol "__declspec(dllimport) public: virtual void __cdecl sf::Window::close(void)" (__imp_?close@Window@sf@@UEAAXXZ) referenced in function main
main.obj : error LNK2019: unresolved external symbol "__declspec(dllimport) public: void __cdecl sf::Window::display(void)" (__imp_?display@Window@sf@@QEAAXXZ) referenced in function main
main.obj : error LNK2019: unresolved external symbol "__declspec(dllimport) public: void __cdecl sf::Transformable::setPosition(float,float)" (__imp_?setPosition@Transformable@sf@@QEAAXMM@Z) referenced in function main
main.obj : error LNK2019: unresolved external symbol "__declspec(dllimport) public: __cdecl sf::Color::Color(unsigned char,unsigned char,unsigned char,unsigned char)" (__imp_??0Color@sf@@QEAA@EEEE@Z) referenced in function main
main.obj : error LNK2019: unresolved external symbol "__declspec(dllimport) public: __cdecl sf::Texture::Texture(void)" (__imp_??0Texture@sf@@QEAA@XZ) referenced in function main
main.obj : error LNK2019: unresolved external symbol "__declspec(dllimport) public: __cdecl sf::Texture::~Texture(void)" (__imp_??1Texture@sf@@QEAA@XZ) referenced in function main
main.obj : error LNK2019: unresolved external symbol "__declspec(dllimport) public: bool __cdecl sf::Texture::loadFromFile(class std::basic_string<char,struct std::char_traits<char>,class std::allocator<char> > const &,class sf::Rect<int> const &)" (__imp_?loadFromFile@Texture@sf@@QEAA_NAEBV?$basic_string@DU?$char_traits@D@std@@V?$allocator@D@2@@std@@AEBV?$Rect@H@2@@Z) referenced in function main
main.obj : error LNK2019: unresolved external symbol "__declspec(dllimport) public: void __cdecl sf::RenderTarget::clear(class sf::Color const &)" (__imp_?clear@RenderTarget@sf@@QEAAXAEBVColor@2@@Z) referenced in function main
main.obj : error LNK2019: unresolved external symbol "__declspec(dllimport) public: void __cdecl sf::RenderTarget::draw(class sf::Drawable const &,class sf::RenderStates const &)" (__imp_?draw@RenderTarget@sf@@QEAAXAEBVDrawable@2@AEBVRenderStates@2@@Z) referenced in function main
main.obj : error LNK2019: unresolved external symbol "__declspec(dllimport) public: __cdecl sf::RenderWindow::RenderWindow(class sf::VideoMode,class sf::String const &,unsigned int,struct sf::ContextSettings const &)" (__imp_??0RenderWindow@sf@@QEAA@VVideoMode@1@AEBVString@1@IAEBUContextSettings@1@@Z) referenced in function main
main.obj : error LNK2019: unresolved external symbol "__declspec(dllimport) public: virtual __cdecl sf::RenderWindow::~RenderWindow(void)" (__imp_??1RenderWindow@sf@@UEAA@XZ) referenced in function main
main.obj : error LNK2019: unresolved external symbol "__declspec(dllimport) public: __cdecl sf::Sprite::Sprite(class sf::Texture const &)" (__imp_??0Sprite@sf@@QEAA@AEBVTexture@1@@Z) referenced in function main
main.obj : error LNK2019: unresolved external symbol "__declspec(dllimport) public: virtual __cdecl sf::Sprite::~Sprite(void)" (__imp_??1Sprite@sf@@UEAA@XZ) referenced in function main
main.obj : error LNK2019: unresolved external symbol "__declspec(dllimport) public: static class sf::RenderStates const sf::RenderStates::Default" (__imp_?Default@RenderStates@sf@@2V12@B) referenced in function main
C:\Users\alish\Desktop\New folder\Game\x64\Debug\Game.exe : fatal error LNK1120: 19 unresolved externals
